20:50:03.25[TestNG-tests-1] INFO  testCases.TC001_AccountRegistractionTest - ****** Clicked on Registar link**********
20:50:03.53[TestNG-tests-1] INFO  testCases.TC001_AccountRegistractionTest - ****** Providing customer details**********
20:50:05.231[TestNG-tests-3] INFO  testCases.TC001_AccountRegistractionTest - ****** Starting Test Case TC001_AccountRegistractionTest**********
20:50:05.380[TestNG-tests-1] INFO  testCases.TC001_AccountRegistractionTest - ******Validating expected message**********
20:50:05.517[TestNG-tests-3] INFO  testCases.TC001_AccountRegistractionTest - ****** Clicked on my Account link**********
20:50:06.74[TestNG-tests-3] INFO  testCases.TC001_AccountRegistractionTest - ****** Clicked on Registar link**********
20:50:06.75[TestNG-tests-3] INFO  testCases.TC001_AccountRegistractionTest - ****** Providing customer details**********
20:50:07.272[TestNG-tests-3] INFO  testCases.TC001_AccountRegistractionTest - ******Validating expected message**********
20:50:08.434[TestNG-tests-2] INFO  testCases.TC001_AccountRegistractionTest - ****** Starting Test Case TC001_AccountRegistractionTest**********
20:50:08.563[TestNG-tests-2] INFO  testCases.TC001_AccountRegistractionTest - ****** Clicked on my Account link**********
20:50:09.892[TestNG-tests-2] INFO  testCases.TC001_AccountRegistractionTest - ****** Clicked on Registar link**********
20:50:09.895[TestNG-tests-2] INFO  testCases.TC001_AccountRegistractionTest - ****** Providing customer details**********
20:50:11.417[TestNG-tests-2] INFO  testCases.TC001_AccountRegistractionTest - ******Validating expected message**********
20:50:15.414[TestNG-tests-1] ERROR testCases.TC001_AccountRegistractionTest - test failed....
20:50:17.287[TestNG-tests-3] ERROR testCases.TC001_AccountRegistractionTest - test failed....
20:50:17.943[TestNG-tests-2] ERROR testCases.TC001_AccountRegistractionTest - test failed....
20:51:24.295[main] INFO  org.testng.internal.Utils - [TestNG] Running:
  C:\Users\avina\OneDrive\Desktop\Github_for_Java\Java_codes\Day7\master.xml

20:51:31.752[TestNG-tests-1] INFO  testCases.TC001_AccountRegistractionTest - ****** Starting Test Case TC001_AccountRegistractionTest**********
20:51:31.920[TestNG-tests-1] INFO  testCases.TC001_AccountRegistractionTest - ****** Clicked on my Account link**********
20:51:32.877[TestNG-tests-1] INFO  testCases.TC001_AccountRegistractionTest - ****** Clicked on Registar link**********
20:51:32.879[TestNG-tests-1] INFO  testCases.TC001_AccountRegistractionTest - ****** Providing customer details**********
20:51:33.892[TestNG-tests-3] INFO  testCases.TC001_AccountRegistractionTest - ****** Starting Test Case TC001_AccountRegistractionTest**********
20:51:34.140[TestNG-tests-3] INFO  testCases.TC001_AccountRegistractionTest - ****** Clicked on my Account link**********
20:51:34.278[TestNG-tests-1] INFO  testCases.TC001_AccountRegistractionTest - ******Validating expected message**********
20:51:35.28[TestNG-tests-3] INFO  testCases.TC001_AccountRegistractionTest - ****** Clicked on Registar link**********
20:51:35.29[TestNG-tests-3] INFO  testCases.TC001_AccountRegistractionTest - ****** Providing customer details**********
20:51:35.776[TestNG-tests-2] INFO  testCases.TC001_AccountRegistractionTest - ****** Starting Test Case TC001_AccountRegistractionTest**********
20:51:35.870[TestNG-tests-2] INFO  testCases.TC001_AccountRegistractionTest - ****** Clicked on my Account link**********
20:51:36.213[TestNG-tests-3] INFO  testCases.TC001_AccountRegistractionTest - ******Validating expected message**********
20:51:36.998[TestNG-tests-2] INFO  testCases.TC001_AccountRegistractionTest - ****** Clicked on Registar link**********
20:51:36.999[TestNG-tests-2] INFO  testCases.TC001_AccountRegistractionTest - ****** Providing customer details**********
20:51:38.504[TestNG-tests-2] INFO  testCases.TC001_AccountRegistractionTest - ******Validating expected message**********
20:51:44.345[TestNG-tests-1] ERROR testCases.TC001_AccountRegistractionTest - test failed....
20:51:46.238[TestNG-tests-3] ERROR testCases.TC001_AccountRegistractionTest - test failed....
20:51:48.535[TestNG-tests-2] ERROR testCases.TC001_AccountRegistractionTest - test failed....
22:09:39.511[main] INFO  org.testng.internal.Utils - [TestNG] Running:
  C:\Users\avina\OneDrive\Desktop\Github_for_Java\Java_codes\Day7\master.xml

22:09:48.364[TestNG-tests-3] INFO  testCases.TC002_LoginTest - ***********Starting TC_002_LoginTest***************
22:09:49.663[TestNG-tests-1] INFO  testCases.TC002_LoginTest - ***********Starting TC_002_LoginTest***************
22:09:49.944[TestNG-tests-3] INFO  testCases.TC002_LoginTest - ***********finished TC_002_LoginTest***************
22:09:51.166[TestNG-tests-1] INFO  testCases.TC002_LoginTest - ***********finished TC_002_LoginTest***************
22:09:51.809[TestNG-tests-2] INFO  testCases.TC002_LoginTest - ***********Starting TC_002_LoginTest***************
22:09:53.264[TestNG-tests-2] INFO  testCases.TC002_LoginTest - ***********finished TC_002_LoginTest***************
